<?xml version="1.0" encoding="UTF-8" standalone="no"?>
<!DOCTYPE log SYSTEM "logger.dtd">
<log>
<record>
  <date>2018-12-23T22:11:18</date>
  <millis>1545599478757</millis>
  <sequence>0</sequence>
  <level>START</level>
  <class>com.kms.katalon.core.logging.XmlKeywordLogger</class>
  <method>startSuite</method>
  <thread>1</thread>
  <message>Start Test Suite : Test Suites/TS_RESERVATION/TS_RESERVATION_ALLER</message>
  <nestedLevel>0</nestedLevel>
  <property name="name">TS_RESERVATION_ALLER</property>
  <property name="description"></property>
  <property name="id">Test Suites/TS_RESERVATION/TS_RESERVATION_ALLER</property>
</record>
<record>
  <date>2018-12-23T22:11:18</date>
  <millis>1545599478779</millis>
  <sequence>1</sequence>
  <level>RUN_DATA</level>
  <class>com.kms.katalon.core.logging.XmlKeywordLogger</class>
  <method>logMessage</method>
  <thread>1</thread>
  <message>hostName = DESKTOP-EIBNNE1$ - DESKTOP-EIBNNE1</message>
  <nestedLevel>0</nestedLevel>
  <property name="hostName">DESKTOP-EIBNNE1$ - DESKTOP-EIBNNE1</property>
</record>
<record>
  <date>2018-12-23T22:11:18</date>
  <millis>1545599478780</millis>
  <sequence>2</sequence>
  <level>RUN_DATA</level>
  <class>com.kms.katalon.core.logging.XmlKeywordLogger</class>
  <method>logMessage</method>
  <thread>1</thread>
  <message>os = Windows 10 64bit</message>
  <nestedLevel>0</nestedLevel>
  <property name="os">Windows 10 64bit</property>
</record>
<record>
  <date>2018-12-23T22:11:18</date>
  <millis>1545599478780</millis>
  <sequence>3</sequence>
  <level>RUN_DATA</level>
  <class>com.kms.katalon.core.logging.XmlKeywordLogger</class>
  <method>logMessage</method>
  <thread>1</thread>
  <message>hostAddress = 192.168.220.1</message>
  <nestedLevel>0</nestedLevel>
  <property name="hostAddress">192.168.220.1</property>
</record>
<record>
  <date>2018-12-23T22:11:18</date>
  <millis>1545599478782</millis>
  <sequence>4</sequence>
  <level>RUN_DATA</level>
  <class>com.kms.katalon.core.logging.XmlKeywordLogger</class>
  <method>logMessage</method>
  <thread>1</thread>
  <message>katalonVersion = 5.10.0.1</message>
  <nestedLevel>0</nestedLevel>
  <property name="katalonVersion">5.10.0.1</property>
</record>
<record>
  <date>2018-12-23T22:11:19</date>
  <millis>1545599479250</millis>
  <sequence>5</sequence>
  <level>START</level>
  <class>com.kms.katalon.core.logging.XmlKeywordLogger</class>
  <method>startTest</method>
  <thread>1</thread>
  <message>Start Test Case : Test Cases/RESERVATION/CT_RESERVATION_ALLER</message>
  <nestedLevel>1</nestedLevel>
  <property name="name">Test Cases/RESERVATION/CT_RESERVATION_ALLER</property>
  <property name="description"></property>
  <property name="id">Test Cases/RESERVATION/CT_RESERVATION_ALLER</property>
  <property name="source">C:\\Users\\Jerem\\Katalon Studio\\AF_TEST\\Test Cases\\RESERVATION\\CT_RESERVATION_ALLER.tc</property>
  <property name="isOptional">false</property>
</record>
<record>
  <date>2018-12-23T22:11:20</date>
  <millis>1545599480559</millis>
  <sequence>7</sequence>
  <level>START</level>
  <class>com.kms.katalon.core.logging.XmlKeywordLogger</class>
  <method>startKeyword</method>
  <thread>1</thread>
  <message>Start action : openBrowser(\&amp;quot;www.airfrance.fr\&amp;quot;)</message>
  <nestedLevel>1</nestedLevel>
  <property name="startLine">17</property>
  <property name="stepIndex">1</property>
</record>
<record>
  <date>2018-12-23T22:11:21</date>
  <millis>1545599481168</millis>
  <sequence>9</sequence>
  <level>INFO</level>
  <class>com.kms.katalon.core.logging.XmlKeywordLogger</class>
  <method>logMessage</method>
  <thread>1</thread>
  <message>Starting &amp;apos;Firefox&amp;apos; driver</message>
  <nestedLevel>1</nestedLevel>
</record>
<record>
  <date>2018-12-23T22:11:21</date>
  <millis>1545599481330</millis>
  <sequence>10</sequence>
  <level>INFO</level>
  <class>com.kms.katalon.core.logging.XmlKeywordLogger</class>
  <method>logMessage</method>
  <thread>1</thread>
  <message>Action delay is set to 0 seconds</message>
  <nestedLevel>1</nestedLevel>
</record>
<record>
  <date>2018-12-23T22:11:29</date>
  <millis>1545599489305</millis>
  <sequence>12</sequence>
  <level>RUN_DATA</level>
  <class>com.kms.katalon.core.logging.XmlKeywordLogger</class>
  <method>logMessage</method>
  <thread>1</thread>
  <message>sessionId = 7b81e956-8bb3-421b-93bf-a07325003138</message>
  <nestedLevel>1</nestedLevel>
  <property name="sessionId">7b81e956-8bb3-421b-93bf-a07325003138</property>
</record>
<record>
  <date>2018-12-23T22:11:29</date>
  <millis>1545599489323</millis>
  <sequence>13</sequence>
  <level>RUN_DATA</level>
  <class>com.kms.katalon.core.logging.XmlKeywordLogger</class>
  <method>logMessage</method>
  <thread>1</thread>
  <message>browser = Firefox 64.0</message>
  <nestedLevel>1</nestedLevel>
  <property name="browser">Firefox 64.0</property>
</record>
<record>
  <date>2018-12-23T22:11:29</date>
  <millis>1545599489323</millis>
  <sequence>14</sequence>
  <level>RUN_DATA</level>
  <class>com.kms.katalon.core.logging.XmlKeywordLogger</class>
  <method>logMessage</method>
  <thread>1</thread>
  <message>platform = Windows 10</message>
  <nestedLevel>1</nestedLevel>
  <property name="platform">Windows 10</property>
</record>
<record>
  <date>2018-12-23T22:11:29</date>
  <millis>1545599489327</millis>
  <sequence>15</sequence>
  <level>RUN_DATA</level>
  <class>com.kms.katalon.core.logging.XmlKeywordLogger</class>
  <method>logMessage</method>
  <thread>1</thread>
  <message>seleniumVersion = 3.7.1</message>
  <nestedLevel>1</nestedLevel>
  <property name="seleniumVersion">3.7.1</property>
</record>
<record>
  <date>2018-12-23T22:11:29</date>
  <millis>1545599489328</millis>
  <sequence>16</sequence>
  <level>RUN_DATA</level>
  <class>com.kms.katalon.core.logging.XmlKeywordLogger</class>
  <method>logMessage</method>
  <thread>1</thread>
  <message>proxyInformation = ProxyInformation{proxyOption=NO_PROXY, proxyServerType=HTTP, password=, proxyServerAddress=, proxyServerPort=0}</message>
  <nestedLevel>1</nestedLevel>
  <property name="proxyInformation">ProxyInformation{proxyOption=NO_PROXY, proxyServerType=HTTP, password=, proxyServerAddress=, proxyServerPort=0}</property>
</record>
<record>
  <date>2018-12-23T22:11:34</date>
  <millis>1545599494912</millis>
  <sequence>18</sequence>
  <level>PASSED</level>
  <class>com.kms.katalon.core.logging.XmlKeywordLogger</class>
  <method>logMessage</method>
  <thread>1</thread>
  <message>Browser is opened with url: &amp;apos;www.airfrance.fr&amp;apos;</message>
  <nestedLevel>1</nestedLevel>
</record>
<record>
  <date>2018-12-23T22:11:34</date>
  <millis>1545599494914</millis>
  <sequence>19</sequence>
  <level>END</level>
  <class>com.kms.katalon.core.logging.XmlKeywordLogger</class>
  <method>endKeyword</method>
  <thread>1</thread>
  <message>End action : openBrowser(\&amp;quot;www.airfrance.fr\&amp;quot;)</message>
  <nestedLevel>1</nestedLevel>
</record>
<record>
  <date>2018-12-23T22:11:34</date>
  <millis>1545599494916</millis>
  <sequence>20</sequence>
  <level>START</level>
  <class>com.kms.katalon.core.logging.XmlKeywordLogger</class>
  <method>startKeyword</method>
  <thread>1</thread>
  <message>Start action : click(findTestObject(\&amp;quot;RESERVATION_ALLER_OR/Page_00_Billets davion rservation de v/01_span_Accepter\&amp;quot;))</message>
  <nestedLevel>1</nestedLevel>
  <property name="startLine">19</property>
  <property name="stepIndex">2</property>
</record>
<record>
  <date>2018-12-23T22:11:35</date>
  <millis>1545599495456</millis>
  <sequence>27</sequence>
  <level>PASSED</level>
  <class>com.kms.katalon.core.logging.XmlKeywordLogger</class>
  <method>logMessage</method>
  <thread>1</thread>
  <message>Object: &amp;apos;Object Repository/RESERVATION_ALLER_OR/Page_00_Billets davion rservation de v/01_span_Accepter&amp;apos; is clicked on</message>
  <nestedLevel>1</nestedLevel>
</record>
<record>
  <date>2018-12-23T22:11:35</date>
  <millis>1545599495457</millis>
  <sequence>28</sequence>
  <level>END</level>
  <class>com.kms.katalon.core.logging.XmlKeywordLogger</class>
  <method>endKeyword</method>
  <thread>1</thread>
  <message>End action : click(findTestObject(\&amp;quot;RESERVATION_ALLER_OR/Page_00_Billets davion rservation de v/01_span_Accepter\&amp;quot;))</message>
  <nestedLevel>1</nestedLevel>
</record>
<record>
  <date>2018-12-23T22:11:35</date>
  <millis>1545599495458</millis>
  <sequence>29</sequence>
  <level>START</level>
  <class>com.kms.katalon.core.logging.XmlKeywordLogger</class>
  <method>startKeyword</method>
  <thread>1</thread>
  <message>Start action : click(findTestObject(\&amp;quot;RESERVATION_ALLER_OR/Page_00_Billets davion rservation de v/02_label_ALLER SIMPLE\&amp;quot;))</message>
  <nestedLevel>1</nestedLevel>
  <property name="startLine">21</property>
  <property name="stepIndex">3</property>
</record>
<record>
  <date>2018-12-23T22:11:36</date>
  <millis>1545599496087</millis>
  <sequence>36</sequence>
  <level>PASSED</level>
  <class>com.kms.katalon.core.logging.XmlKeywordLogger</class>
  <method>logMessage</method>
  <thread>1</thread>
  <message>Object: &amp;apos;Object Repository/RESERVATION_ALLER_OR/Page_00_Billets davion rservation de v/02_label_ALLER SIMPLE&amp;apos; is clicked on</message>
  <nestedLevel>1</nestedLevel>
</record>
<record>
  <date>2018-12-23T22:11:36</date>
  <millis>1545599496088</millis>
  <sequence>37</sequence>
  <level>END</level>
  <class>com.kms.katalon.core.logging.XmlKeywordLogger</class>
  <method>endKeyword</method>
  <thread>1</thread>
  <message>End action : click(findTestObject(\&amp;quot;RESERVATION_ALLER_OR/Page_00_Billets davion rservation de v/02_label_ALLER SIMPLE\&amp;quot;))</message>
  <nestedLevel>1</nestedLevel>
</record>
<record>
  <date>2018-12-23T22:11:36</date>
  <millis>1545599496089</millis>
  <sequence>38</sequence>
  <level>START</level>
  <class>com.kms.katalon.core.logging.XmlKeywordLogger</class>
  <method>startKeyword</method>
  <thread>1</thread>
  <message>Start action : setText(findTestObject(\&amp;quot;RESERVATION_ALLER_OR/Page_00_Billets davion rservation de v/03_input_Aroport de dpart_minibe_\&amp;quot;), \&amp;quot;CDG\&amp;quot; + ENTER)</message>
  <nestedLevel>1</nestedLevel>
  <property name="startLine">23</property>
  <property name="stepIndex">4</property>
</record>
<record>
  <date>2018-12-23T22:11:36</date>
  <millis>1545599496648</millis>
  <sequence>50</sequence>
  <level>PASSED</level>
  <class>com.kms.katalon.core.logging.XmlKeywordLogger</class>
  <method>logMessage</method>
  <thread>1</thread>
  <message>Text &amp;apos;ENTER + CDG&amp;apos; is set on object &amp;apos;Object Repository/RESERVATION_ALLER_OR/Page_00_Billets davion rservation de v/03_input_Aroport de dpart_minibe_&amp;apos;</message>
  <nestedLevel>1</nestedLevel>
</record>
<record>
  <date>2018-12-23T22:11:36</date>
  <millis>1545599496649</millis>
  <sequence>51</sequence>
  <level>END</level>
  <class>com.kms.katalon.core.logging.XmlKeywordLogger</class>
  <method>endKeyword</method>
  <thread>1</thread>
  <message>End action : setText(findTestObject(\&amp;quot;RESERVATION_ALLER_OR/Page_00_Billets davion rservation de v/03_input_Aroport de dpart_minibe_\&amp;quot;), \&amp;quot;CDG\&amp;quot; + ENTER)</message>
  <nestedLevel>1</nestedLevel>
</record>
<record>
  <date>2018-12-23T22:11:36</date>
  <millis>1545599496650</millis>
  <sequence>52</sequence>
  <level>START</level>
  <class>com.kms.katalon.core.logging.XmlKeywordLogger</class>
  <method>startKeyword</method>
  <thread>1</thread>
  <message>Start action : setText(findTestObject(\&amp;quot;RESERVATION_ALLER_OR/Page_00_Billets davion rservation de v/04_input_concat(Aroport d arrive\&amp;quot;), \&amp;quot;NCE\&amp;quot; + ENTER)</message>
  <nestedLevel>1</nestedLevel>
  <property name="startLine">26</property>
  <property name="stepIndex">5</property>
</record>
<record>
  <date>2018-12-23T22:11:37</date>
  <millis>1545599497141</millis>
  <sequence>64</sequence>
  <level>PASSED</level>
  <class>com.kms.katalon.core.logging.XmlKeywordLogger</class>
  <method>logMessage</method>
  <thread>1</thread>
  <message>Text &amp;apos;ENTER + NCE&amp;apos; is set on object &amp;apos;Object Repository/RESERVATION_ALLER_OR/Page_00_Billets davion rservation de v/04_input_concat(Aroport d arrive&amp;apos;</message>
  <nestedLevel>1</nestedLevel>
</record>
<record>
  <date>2018-12-23T22:11:37</date>
  <millis>1545599497142</millis>
  <sequence>65</sequence>
  <level>END</level>
  <class>com.kms.katalon.core.logging.XmlKeywordLogger</class>
  <method>endKeyword</method>
  <thread>1</thread>
  <message>End action : setText(findTestObject(\&amp;quot;RESERVATION_ALLER_OR/Page_00_Billets davion rservation de v/04_input_concat(Aroport d arrive\&amp;quot;), \&amp;quot;NCE\&amp;quot; + ENTER)</message>
  <nestedLevel>1</nestedLevel>
</record>
<record>
  <date>2018-12-23T22:11:37</date>
  <millis>1545599497143</millis>
  <sequence>66</sequence>
  <level>START</level>
  <class>com.kms.katalon.core.logging.XmlKeywordLogger</class>
  <method>startKeyword</method>
  <thread>1</thread>
  <message>Start action : click(findTestObject(\&amp;quot;RESERVATION_ALLER_OR/Page_00_Billets davion rservation de v/button_24 dc. 2018\&amp;quot;))</message>
  <nestedLevel>1</nestedLevel>
  <property name="startLine">29</property>
  <property name="stepIndex">6</property>
</record>
<record>
  <date>2018-12-23T22:11:37</date>
  <millis>1545599497480</millis>
  <sequence>73</sequence>
  <level>PASSED</level>
  <class>com.kms.katalon.core.logging.XmlKeywordLogger</class>
  <method>logMessage</method>
  <thread>1</thread>
  <message>Object: &amp;apos;Object Repository/RESERVATION_ALLER_OR/Page_00_Billets davion rservation de v/button_24 dc. 2018&amp;apos; is clicked on</message>
  <nestedLevel>1</nestedLevel>
</record>
<record>
  <date>2018-12-23T22:11:37</date>
  <millis>1545599497481</millis>
  <sequence>74</sequence>
  <level>END</level>
  <class>com.kms.katalon.core.logging.XmlKeywordLogger</class>
  <method>endKeyword</method>
  <thread>1</thread>
  <message>End action : click(findTestObject(\&amp;quot;RESERVATION_ALLER_OR/Page_00_Billets davion rservation de v/button_24 dc. 2018\&amp;quot;))</message>
  <nestedLevel>1</nestedLevel>
</record>
<record>
  <date>2018-12-23T22:11:37</date>
  <millis>1545599497481</millis>
  <sequence>75</sequence>
  <level>START</level>
  <class>com.kms.katalon.core.logging.XmlKeywordLogger</class>
  <method>startKeyword</method>
  <thread>1</thread>
  <message>Start action : waitForElementClickable(findTestObject(\&amp;quot;RESERVATION_ALLER_OR/Page_00_Billets davion rservation de v/td_31\&amp;quot;), 0)</message>
  <nestedLevel>1</nestedLevel>
  <property name="startLine">31</property>
  <property name="stepIndex">7</property>
</record>
<record>
  <date>2018-12-23T22:11:37</date>
  <millis>1545599497509</millis>
  <sequence>79</sequence>
  <level>WARNING</level>
  <class>com.kms.katalon.core.logging.XmlKeywordLogger</class>
  <method>logMessage</method>
  <thread>1</thread>
  <message>Timeout &amp;apos;0&amp;apos; is invalid. Using default page load timeout: &amp;apos;30&amp;apos;</message>
  <nestedLevel>1</nestedLevel>
</record>
<record>
  <date>2018-12-23T22:11:37</date>
  <millis>1545599497751</millis>
  <sequence>83</sequence>
  <level>PASSED</level>
  <class>com.kms.katalon.core.logging.XmlKeywordLogger</class>
  <method>logMessage</method>
  <thread>1</thread>
  <message>Object &amp;apos;Object Repository/RESERVATION_ALLER_OR/Page_00_Billets davion rservation de v/td_31&amp;apos; is clickable</message>
  <nestedLevel>1</nestedLevel>
</record>
<record>
  <date>2018-12-23T22:11:37</date>
  <millis>1545599497752</millis>
  <sequence>84</sequence>
  <level>END</level>
  <class>com.kms.katalon.core.logging.XmlKeywordLogger</class>
  <method>endKeyword</method>
  <thread>1</thread>
  <message>End action : waitForElementClickable(findTestObject(\&amp;quot;RESERVATION_ALLER_OR/Page_00_Billets davion rservation de v/td_31\&amp;quot;), 0)</message>
  <nestedLevel>1</nestedLevel>
</record>
<record>
  <date>2018-12-23T22:11:37</date>
  <millis>1545599497752</millis>
  <sequence>85</sequence>
  <level>START</level>
  <class>com.kms.katalon.core.logging.XmlKeywordLogger</class>
  <method>startKeyword</method>
  <thread>1</thread>
  <message>Start action : click(findTestObject(\&amp;quot;RESERVATION_ALLER_OR/Page_00_Billets davion rservation de v/td_31\&amp;quot;))</message>
  <nestedLevel>1</nestedLevel>
  <property name="startLine">33</property>
  <property name="stepIndex">8</property>
</record>
<record>
  <date>2018-12-23T22:11:38</date>
  <millis>1545599498066</millis>
  <sequence>92</sequence>
  <level>PASSED</level>
  <class>com.kms.katalon.core.logging.XmlKeywordLogger</class>
  <method>logMessage</method>
  <thread>1</thread>
  <message>Object: &amp;apos;Object Repository/RESERVATION_ALLER_OR/Page_00_Billets davion rservation de v/td_31&amp;apos; is clicked on</message>
  <nestedLevel>1</nestedLevel>
</record>
<record>
  <date>2018-12-23T22:11:38</date>
  <millis>1545599498067</millis>
  <sequence>93</sequence>
  <level>END</level>
  <class>com.kms.katalon.core.logging.XmlKeywordLogger</class>
  <method>endKeyword</method>
  <thread>1</thread>
  <message>End action : click(findTestObject(\&amp;quot;RESERVATION_ALLER_OR/Page_00_Billets davion rservation de v/td_31\&amp;quot;))</message>
  <nestedLevel>1</nestedLevel>
</record>
<record>
  <date>2018-12-23T22:11:38</date>
  <millis>1545599498067</millis>
  <sequence>94</sequence>
  <level>START</level>
  <class>com.kms.katalon.core.logging.XmlKeywordLogger</class>
  <method>startKeyword</method>
  <thread>1</thread>
  <message>Start action : click(findTestObject(\&amp;quot;RESERVATION_ALLER_OR/Page_00_Billets davion rservation de v/06_button_RECHERCHER\&amp;quot;))</message>
  <nestedLevel>1</nestedLevel>
  <property name="startLine">35</property>
  <property name="stepIndex">9</property>
</record>
<record>
  <date>2018-12-23T22:11:45</date>
  <millis>1545599505695</millis>
  <sequence>101</sequence>
  <level>PASSED</level>
  <class>com.kms.katalon.core.logging.XmlKeywordLogger</class>
  <method>logMessage</method>
  <thread>1</thread>
  <message>Object: &amp;apos;Object Repository/RESERVATION_ALLER_OR/Page_00_Billets davion rservation de v/06_button_RECHERCHER&amp;apos; is clicked on</message>
  <nestedLevel>1</nestedLevel>
</record>
<record>
  <date>2018-12-23T22:11:45</date>
  <millis>1545599505697</millis>
  <sequence>102</sequence>
  <level>END</level>
  <class>com.kms.katalon.core.logging.XmlKeywordLogger</class>
  <method>endKeyword</method>
  <thread>1</thread>
  <message>End action : click(findTestObject(\&amp;quot;RESERVATION_ALLER_OR/Page_00_Billets davion rservation de v/06_button_RECHERCHER\&amp;quot;))</message>
  <nestedLevel>1</nestedLevel>
</record>
<record>
  <date>2018-12-23T22:11:45</date>
  <millis>1545599505697</millis>
  <sequence>103</sequence>
  <level>START</level>
  <class>com.kms.katalon.core.logging.XmlKeywordLogger</class>
  <method>startKeyword</method>
  <thread>1</thread>
  <message>Start action : waitForElementVisible(findTestObject(\&amp;quot;RESERVATION_ALLER_OR/Page_01_Rserver un billet - Liste des/li_tape en cours    Horaires\&amp;quot;), 0)</message>
  <nestedLevel>1</nestedLevel>
  <property name="startLine">37</property>
  <property name="stepIndex">10</property>
</record>
<record>
  <date>2018-12-23T22:11:45</date>
  <millis>1545599505720</millis>
  <sequence>107</sequence>
  <level>WARNING</level>
  <class>com.kms.katalon.core.logging.XmlKeywordLogger</class>
  <method>logMessage</method>
  <thread>1</thread>
  <message>Timeout &amp;apos;0&amp;apos; is invalid. Using default page load timeout: &amp;apos;30&amp;apos;</message>
  <nestedLevel>1</nestedLevel>
</record>
<record>
  <date>2018-12-23T22:11:45</date>
  <millis>1545599505835</millis>
  <sequence>111</sequence>
  <level>PASSED</level>
  <class>com.kms.katalon.core.logging.XmlKeywordLogger</class>
  <method>logMessage</method>
  <thread>1</thread>
  <message>Object &amp;apos;Object Repository/RESERVATION_ALLER_OR/Page_01_Rserver un billet - Liste des/li_tape en cours    Horaires&amp;apos; is visible</message>
  <nestedLevel>1</nestedLevel>
</record>
<record>
  <date>2018-12-23T22:11:45</date>
  <millis>1545599505836</millis>
  <sequence>112</sequence>
  <level>END</level>
  <class>com.kms.katalon.core.logging.XmlKeywordLogger</class>
  <method>endKeyword</method>
  <thread>1</thread>
  <message>End action : waitForElementVisible(findTestObject(\&amp;quot;RESERVATION_ALLER_OR/Page_01_Rserver un billet - Liste des/li_tape en cours    Horaires\&amp;quot;), 0)</message>
  <nestedLevel>1</nestedLevel>
</record>
<record>
  <date>2018-12-23T22:11:45</date>
  <millis>1545599505836</millis>
  <sequence>113</sequence>
  <level>START</level>
  <class>com.kms.katalon.core.logging.XmlKeywordLogger</class>
  <method>startKeyword</method>
  <thread>1</thread>
  <message>Start action : assert true</message>
  <nestedLevel>1</nestedLevel>
  <property name="startLine">40</property>
  <property name="stepIndex">11</property>
</record>
<record>
  <date>2018-12-23T22:11:45</date>
  <millis>1545599505838</millis>
  <sequence>114</sequence>
  <level>END</level>
  <class>com.kms.katalon.core.logging.XmlKeywordLogger</class>
  <method>endKeyword</method>
  <thread>1</thread>
  <message>End action : assert true</message>
  <nestedLevel>1</nestedLevel>
</record>
<record>
  <date>2018-12-23T22:11:45</date>
  <millis>1545599505839</millis>
  <sequence>115</sequence>
  <level>PASSED</level>
  <class>com.kms.katalon.core.logging.XmlKeywordLogger</class>
  <method>logMessage</method>
  <thread>1</thread>
  <message>Test Cases/RESERVATION/CT_RESERVATION_ALLER</message>
  <nestedLevel>1</nestedLevel>
</record>
<record>
  <date>2018-12-23T22:11:45</date>
  <millis>1545599505839</millis>
  <sequence>116</sequence>
  <level>END</level>
  <class>com.kms.katalon.core.logging.XmlKeywordLogger</class>
  <method>endTest</method>
  <thread>1</thread>
  <message>End Test Case : Test Cases/RESERVATION/CT_RESERVATION_ALLER</message>
  <nestedLevel>0</nestedLevel>
</record>
<record>
  <date>2018-12-23T22:11:48</date>
  <millis>1545599508761</millis>
  <sequence>117</sequence>
  <level>END</level>
  <class>com.kms.katalon.core.logging.XmlKeywordLogger</class>
  <method>endSuite</method>
  <thread>1</thread>
  <message>End Test Suite : Test Suites/TS_RESERVATION/TS_RESERVATION_ALLER</message>
  <nestedLevel>0</nestedLevel>
</record>
</log>